<?xml version="1.0" encoding="UTF-8"?>
<!-- Generated by org.testng.reporters.JUnitXMLReporter -->
<testsuite hostname="ARANI-PC" tests="7" failures="2" timestamp="23 Jun 2019 13:56:08 GMT" time="326.091" errors="0">
  <testcase name="shouldThrowAnErrorIfSignInDetailsAreMissing" time="29.057" classname="SignInTest"/>
  <testcase name="shouldBeAbleToSearchForHotels" time="49.382" classname="HotelBookingTest"/>
  <testcase name="shouldBeAbleToSearchForHotels" time="40.127" classname="HotelBookingTest">
    <failure type="java.lang.AssertionError" message="expected [true] but found [false]">
      <![CDATA[java.lang.AssertionError: expected [true] but found [false]
	at HotelBookingTest.shouldBeAbleToSearchForHotels(HotelBookingTest.java:61)
... Removed 29 stack frames]]>
    </failure>
  </testcase> <!-- shouldBeAbleToSearchForHotels -->
  <testcase name="shouldBeAbleToSearchForHotels" time="52.215" classname="HotelBookingTest"/>
  <testcase name="shouldBeAbleToSearchForHotels" time="61.869" classname="HotelBookingTest"/>
  <testcase name="shouldBeAbleToSearchForHotels" time="54.694" classname="HotelBookingTest">
    <failure type="java.lang.AssertionError" message="expected [true] but found [false]">
      <![CDATA[java.lang.AssertionError: expected [true] but found [false]
	at HotelBookingTest.shouldBeAbleToSearchForHotels(HotelBookingTest.java:61)
... Removed 29 stack frames]]>
    </failure>
  </testcase> <!-- shouldBeAbleToSearchForHotels -->
  <testcase name="testThatResultsAppearForAOneWayJourney" time="38.625" classname="FlightBookingTest"/>
</testsuite>
